
============================================================
2025-08-14 19:32:18
============================================================
AVGO: $309.09 (80%)
  Entry 1: $269.88 (12.7% discount)
  Entry 2: $278.95 (9.8% discount)
  RSI: 65, Volume: 1.0x

AMD: $184.42 (60%)
  Entry 1: $141.31 (23.4% discount)
  Entry 2: $149.96 (18.7% discount)
  RSI: 67, Volume: 1.6x

BMNR: $61.63 (60%)
  Entry 1: $41.58 (32.5% discount)
  RSI: 71, Volume: 2.0x

SBET: $23.52 (60%)
  Entry 1: $23.09 (1.8% discount)
  RSI: 51, Volume: 1.0x

NVDA: $181.59 (60%)
  Entry 1: $155.72 (14.2% discount)
  Entry 2: $161.21 (11.2% discount)
  RSI: 63, Volume: 1.2x

TSLA: $339.38 (40%)
  Entry 1: $305.42 (10.0% discount)
  Entry 2: $315.38 (7.1% discount)
  RSI: 70, Volume: 0.8x

MSTR: $389.90 (40%)
  RSI: 42, Volume: 1.0x

PLTR: $184.37 (40%)
  Entry 1: $146.08 (20.8% discount)
  Entry 2: $154.47 (16.2% discount)
  RSI: 76, Volume: 0.9x

HIMS: $48.33 (20%)
  RSI: 35, Volume: 0.5x

============================================================


============================================================
2025-08-14 19:33:57
============================================================
AVGO: $309.09 (80%)
  Entry 1: $295.14 (4.5% discount)
  Entry 2: $288.01 (6.8% discount)
  RSI: 65, Volume: 1.0x

AMD: $184.42 (60%)
  Entry 1: $169.30 (8.2% discount)
  Entry 2: $158.62 (14.0% discount)
  RSI: 67, Volume: 1.6x

BMNR: $61.63 (60%)
  Entry 1: $41.58 (32.5% discount)
  RSI: 71, Volume: 2.0x

SBET: $23.52 (60%)
  Entry 1: $23.09 (1.8% discount)
  RSI: 51, Volume: 1.0x

NVDA: $181.59 (60%)
  Entry 1: $176.65 (2.7% discount)
  Entry 2: $166.70 (8.2% discount)
  RSI: 63, Volume: 1.2x

TSLA: $339.38 (40%)
  Entry 1: $325.33 (4.1% discount)
  Entry 2: $322.47 (5.0% discount)
  RSI: 70, Volume: 0.8x

MSTR: $389.90 (40%)
  RSI: 42, Volume: 1.0x

PLTR: $184.37 (40%)
  Entry 1: $164.93 (10.5% discount)
  Entry 2: $162.85 (11.7% discount)
  RSI: 76, Volume: 0.9x

HIMS: $48.33 (20%)
  RSI: 35, Volume: 0.5x

============================================================


============================================================
2025-08-14 19:39:07
============================================================
AVGO: $309.09 (80%)
  Entry 1: $295.14 (4.5% discount)
  Entry 2: $288.01 (6.8% discount)
  RSI: 65, Volume: 1.0x

AMD: $184.42 (60%)
  Entry 1: $169.30 (8.2% discount)
  Entry 2: $158.62 (14.0% discount)
  RSI: 67, Volume: 1.6x

BMNR: $61.63 (60%)
  Entry 1: $41.58 (32.5% discount)
  RSI: 71, Volume: 2.0x

SBET: $23.52 (60%)
  Entry 1: $23.09 (1.8% discount)
  RSI: 51, Volume: 1.0x

NVDA: $181.59 (60%)
  Entry 1: $176.65 (2.7% discount)
  Entry 2: $166.70 (8.2% discount)
  RSI: 63, Volume: 1.2x

TSLA: $339.38 (40%)
  Entry 1: $325.33 (4.1% discount)
  Entry 2: $322.47 (5.0% discount)
  RSI: 70, Volume: 0.8x

MSTR: $389.90 (40%)
  RSI: 42, Volume: 1.0x

PLTR: $184.37 (40%)
  Entry 1: $164.93 (10.5% discount)
  Entry 2: $162.85 (11.7% discount)
  RSI: 76, Volume: 0.9x

HIMS: $48.33 (20%)
  RSI: 35, Volume: 0.5x

============================================================


============================================================
2025-08-14 19:41:28
============================================================
AVGO: $309.09 (80%)
  Entry 1: $295.14 (4.5% discount)
  Entry 2: $273.93 (11.4% discount)
  RSI: 65, Volume: 1.0x

TSLA: $339.38 (60%)
  Entry 1: $322.47 (5.0% discount)
  Entry 2: $309.45 (8.8% discount)
  RSI: 70, Volume: 0.8x

AMD: $184.42 (60%)
  Entry 1: $169.30 (8.2% discount)
  Entry 2: $160.65 (12.9% discount)
  RSI: 67, Volume: 1.6x

BMNR: $61.63 (60%)
  Entry 1: $41.58 (32.5% discount)
  Entry 2: $37.54 (39.1% discount)
  RSI: 71, Volume: 2.0x

SBET: $23.52 (60%)
  Entry 1: $23.09 (1.8% discount)
  RSI: 51, Volume: 1.0x

NVDA: $181.59 (60%)
  Entry 1: $176.65 (2.7% discount)
  Entry 2: $161.38 (11.1% discount)
  RSI: 63, Volume: 1.2x

MSTR: $389.90 (40%)
  Entry 1: $379.00 (2.8% discount)
  Entry 2: $328.35 (15.8% discount)
  RSI: 42, Volume: 1.0x

PLTR: $184.37 (40%)
  Entry 1: $164.93 (10.5% discount)
  Entry 2: $152.08 (17.5% discount)
  RSI: 76, Volume: 0.9x

HIMS: $48.33 (20%)
  Entry 1: $43.23 (10.6% discount)
  Entry 2: $36.20 (25.1% discount)
  RSI: 35, Volume: 0.5x

============================================================


============================================================
2025-08-14 19:46:31
============================================================
AVGO: $309.09 (80%)
  Entry 1: $295.14 (4.5% discount)
  Entry 2: $273.93 (11.4% discount)
  RSI: 65, Volume: 1.0x

TSLA: $339.38 (60%)
  Entry 1: $322.47 (5.0% discount)
  Entry 2: $309.45 (8.8% discount)
  RSI: 70, Volume: 0.8x

AMD: $184.42 (60%)
  Entry 1: $169.30 (8.2% discount)
  Entry 2: $160.65 (12.9% discount)
  RSI: 67, Volume: 1.6x

BMNR: $61.63 (60%)
  Entry 1: $41.58 (32.5% discount)
  Entry 2: $37.54 (39.1% discount)
  RSI: 71, Volume: 2.0x

SBET: $23.52 (60%)
  Entry 1: $23.09 (1.8% discount)
  RSI: 51, Volume: 1.0x

NVDA: $181.59 (60%)
  Entry 1: $176.65 (2.7% discount)
  Entry 2: $161.38 (11.1% discount)
  RSI: 63, Volume: 1.2x

MSTR: $389.90 (40%)
  Entry 1: $379.00 (2.8% discount)
  Entry 2: $328.35 (15.8% discount)
  RSI: 42, Volume: 1.0x

PLTR: $184.37 (40%)
  Entry 1: $164.93 (10.5% discount)
  Entry 2: $152.08 (17.5% discount)
  RSI: 76, Volume: 0.9x

HIMS: $48.33 (20%)
  Entry 1: $43.23 (10.6% discount)
  Entry 2: $36.20 (25.1% discount)
  RSI: 35, Volume: 0.5x

============================================================


============================================================
2025-08-14 19:47:59
============================================================
AVGO: $309.09 (80%)
  Entry 1: $295.14 (4.5% discount)
  Entry 2: $273.93 (11.4% discount)
  RSI: 65, Volume: 1.0x

TSLA: $339.38 (60%)
  Entry 1: $322.47 (5.0% discount)
  Entry 2: $309.45 (8.8% discount)
  RSI: 70, Volume: 0.8x

AMD: $184.42 (60%)
  Entry 1: $169.30 (8.2% discount)
  Entry 2: $160.65 (12.9% discount)
  RSI: 67, Volume: 1.6x

BMNR: $61.63 (60%)
  Entry 1: $41.58 (32.5% discount)
  Entry 2: $37.54 (39.1% discount)
  RSI: 71, Volume: 2.0x

SBET: $23.52 (60%)
  Entry 1: $23.09 (1.8% discount)
  RSI: 51, Volume: 1.0x

NVDA: $181.59 (60%)
  Entry 1: $176.65 (2.7% discount)
  Entry 2: $161.38 (11.1% discount)
  RSI: 63, Volume: 1.2x

MSTR: $389.90 (40%)
  Entry 1: $379.00 (2.8% discount)
  Entry 2: $328.35 (15.8% discount)
  RSI: 42, Volume: 1.0x

PLTR: $184.37 (40%)
  Entry 1: $164.93 (10.5% discount)
  Entry 2: $152.08 (17.5% discount)
  RSI: 76, Volume: 0.9x

HIMS: $48.33 (20%)
  Entry 1: $43.23 (10.6% discount)
  Entry 2: $36.20 (25.1% discount)
  RSI: 35, Volume: 0.5x

============================================================


============================================================
2025-08-14 19:54:49
============================================================
AVGO: $309.09 (85%)
  Entry 1: $295.14 (4.5% discount)
  Entry 2: $273.93 (11.4% discount)
  RSI: 65, Volume: 1.0x

BMNR: $61.63 (70%)
  Entry 1: $41.58 (32.5% discount)
  Entry 2: $37.54 (39.1% discount)
  RSI: 71, Volume: 2.0x

TSLA: $339.38 (60%)
  Entry 1: $322.47 (5.0% discount)
  Entry 2: $309.45 (8.8% discount)
  RSI: 70, Volume: 0.8x

AMD: $184.42 (60%)
  Entry 1: $169.30 (8.2% discount)
  Entry 2: $160.65 (12.9% discount)
  RSI: 67, Volume: 1.6x

SBET: $23.52 (60%)
  Entry 1: $23.09 (1.8% discount)
  RSI: 51, Volume: 1.0x

NVDA: $181.59 (60%)
  Entry 1: $176.65 (2.7% discount)
  Entry 2: $161.38 (11.1% discount)
  RSI: 63, Volume: 1.2x

PLTR: $184.37 (45%)
  Entry 1: $164.93 (10.5% discount)
  Entry 2: $152.08 (17.5% discount)
  RSI: 76, Volume: 0.9x

MSTR: $389.90 (40%)
  Entry 1: $379.00 (2.8% discount)
  Entry 2: $328.35 (15.8% discount)
  RSI: 42, Volume: 1.0x

HIMS: $48.33 (15%)
  Entry 1: $43.23 (10.6% discount)
  Entry 2: $36.20 (25.1% discount)
  RSI: 35, Volume: 0.5x

============================================================


============================================================
2025-08-14 19:59:52
============================================================
BMNR: $60.45 (70%)
  Entry 1: $42.51 (29.7% discount)
  Entry 2: $37.54 (37.9% discount)
  RSI: 72, Volume: 1.3x

TSLA: $335.58 (60%)
  Entry 1: $323.28 (3.7% discount)
  Entry 2: $309.45 (7.8% discount)
  RSI: 63, Volume: 0.8x

SBET: $23.49 (60%)
  Entry 1: $22.44 (4.5% discount)
  RSI: 55, Volume: 0.8x

PLTR: $181.02 (60%)
  Entry 1: $166.28 (8.1% discount)
  Entry 2: $152.08 (16.0% discount)
  RSI: 70, Volume: 0.9x

AVGO: $311.23 (60%)
  Entry 1: $296.38 (4.8% discount)
  Entry 2: $273.93 (12.0% discount)
  RSI: 65, Volume: 0.9x

MSTR: $372.94 (55%)
  Entry 1: $328.35 (12.0% discount)
  Entry 2: $277.69 (25.5% discount)
  RSI: 39, Volume: 1.5x

AMD: $180.95 (35%)
  Entry 1: $170.33 (5.9% discount)
  Entry 2: $160.65 (11.2% discount)
  RSI: 61, Volume: 0.9x

NVDA: $182.02 (35%)
  Entry 1: $177.10 (2.7% discount)
  Entry 2: $161.38 (11.3% discount)
  RSI: 64, Volume: 0.8x

HIMS: $47.13 (15%)
  Entry 1: $43.23 (8.3% discount)
  Entry 2: $36.20 (23.2% discount)
  RSI: 33, Volume: 0.6x

============================================================


============================================================
2025-08-14 20:01:55
============================================================
TSLA: $335.58 (75%)
  Entry 1: $331.49 (1.2% discount)
  Entry 2: $323.28 (3.7% discount)
  RSI: 63, Volume: 0.8x

BMNR: $60.45 (70%)
  Entry 1: $42.51 (29.7% discount)
  Entry 2: $37.54 (37.9% discount)
  RSI: 72, Volume: 1.3x

SBET: $23.49 (60%)
  Entry 1: $22.44 (4.5% discount)
  RSI: 55, Volume: 0.8x

PLTR: $181.02 (60%)
  Entry 1: $166.28 (8.1% discount)
  Entry 2: $160.76 (11.2% discount)
  RSI: 70, Volume: 0.9x

AVGO: $311.23 (60%)
  Entry 1: $296.38 (4.8% discount)
  Entry 2: $274.97 (11.7% discount)
  RSI: 65, Volume: 0.9x

MSTR: $372.94 (55%)
  Entry 1: $371.00 (0.5% discount)
  Entry 2: $344.36 (7.7% discount)
  RSI: 39, Volume: 1.5x

AMD: $180.95 (35%)
  Entry 1: $170.33 (5.9% discount)
  Entry 2: $160.65 (11.2% discount)
  RSI: 61, Volume: 0.9x

NVDA: $182.02 (35%)
  Entry 1: $177.10 (2.7% discount)
  Entry 2: $161.38 (11.3% discount)
  RSI: 64, Volume: 0.8x

HIMS: $47.13 (15%)
  Entry 1: $42.69 (9.4% discount)
  Entry 2: $34.46 (26.9% discount)
  RSI: 33, Volume: 0.6x

============================================================


============================================================
2025-08-14 20:03:51
============================================================
TSLA: $335.58 (75%)
  Entry 1: $331.61 (1.2% discount)
  Entry 2: $323.28 (3.7% discount)
  RSI: 63, Volume: 0.8x

BMNR: $60.45 (70%)
  Entry 1: $42.51 (29.7% discount)
  Entry 2: $37.54 (37.9% discount)
  RSI: 72, Volume: 1.3x

SBET: $23.49 (60%)
  Entry 1: $22.44 (4.5% discount)
  RSI: 55, Volume: 0.8x

PLTR: $181.02 (60%)
  Entry 1: $173.23 (4.3% discount)
  Entry 2: $166.28 (8.1% discount)
  RSI: 70, Volume: 0.9x

AVGO: $311.23 (60%)
  Entry 1: $296.38 (4.8% discount)
  Entry 2: $294.63 (5.3% discount)
  RSI: 65, Volume: 0.9x

MSTR: $372.94 (55%)
  RSI: 39, Volume: 1.5x

AMD: $180.95 (35%)
  Entry 1: $170.33 (5.9% discount)
  Entry 2: $168.01 (7.2% discount)
  RSI: 61, Volume: 0.9x

NVDA: $182.02 (35%)
  Entry 1: $177.10 (2.7% discount)
  Entry 2: $171.42 (5.8% discount)
  RSI: 64, Volume: 0.8x

HIMS: $47.13 (30%)
  RSI: 33, Volume: 0.6x

============================================================


============================================================
2025-08-14 20:06:38
============================================================
TSLA: $335.58 (75%)
  Entry 1: $334.77 (0.2% discount)
  Entry 2: $325.98 (2.9% discount)
  RSI: 63, Volume: 0.8x

BMNR: $60.45 (70%)
  Entry 1: $42.51 (29.7% discount)
  Entry 2: $37.54 (37.9% discount)
  RSI: 72, Volume: 1.3x

AMD: $180.95 (60%)
  Entry 1: $174.11 (3.8% discount)
  Entry 2: $170.33 (5.9% discount)
  RSI: 61, Volume: 0.9x

SBET: $23.49 (60%)
  Entry 1: $22.44 (4.5% discount)
  Entry 2: $21.06 (10.3% discount)
  RSI: 55, Volume: 0.8x

PLTR: $181.02 (60%)
  Entry 1: $175.49 (3.1% discount)
  Entry 2: $166.51 (8.0% discount)
  RSI: 70, Volume: 0.9x

AVGO: $311.23 (60%)
  Entry 1: $304.44 (2.2% discount)
  Entry 2: $296.46 (4.7% discount)
  RSI: 65, Volume: 0.9x

NVDA: $182.02 (60%)
  Entry 1: $177.10 (2.7% discount)
  Entry 2: $176.17 (3.2% discount)
  RSI: 64, Volume: 0.8x

MSTR: $372.94 (40%)
  RSI: 39, Volume: 1.5x

HIMS: $47.13 (30%)
  RSI: 33, Volume: 0.6x

============================================================


============================================================
2025-08-14 22:41:27
============================================================
TSLA: $335.58 (75%)
  Entry 1: $334.77 (0.2% discount)
  Entry 2: $325.98 (2.9% discount)
  RSI: 63, Volume: 0.8x

BMNR: $60.45 (70%)
  Entry 1: $42.51 (29.7% discount)
  Entry 2: $37.54 (37.9% discount)
  RSI: 72, Volume: 1.3x

AMD: $180.95 (60%)
  Entry 1: $174.11 (3.8% discount)
  Entry 2: $170.33 (5.9% discount)
  RSI: 61, Volume: 0.9x

SBET: $23.49 (60%)
  Entry 1: $22.44 (4.5% discount)
  Entry 2: $21.06 (10.3% discount)
  RSI: 55, Volume: 0.8x

PLTR: $181.02 (60%)
  Entry 1: $175.49 (3.1% discount)
  Entry 2: $166.51 (8.0% discount)
  RSI: 70, Volume: 0.9x

AVGO: $311.23 (60%)
  Entry 1: $304.44 (2.2% discount)
  Entry 2: $296.46 (4.7% discount)
  RSI: 65, Volume: 0.9x

NVDA: $182.02 (60%)
  Entry 1: $177.10 (2.7% discount)
  Entry 2: $176.17 (3.2% discount)
  RSI: 64, Volume: 0.8x

MSTR: $372.94 (40%)
  RSI: 39, Volume: 1.5x

HIMS: $47.13 (30%)
  RSI: 33, Volume: 0.6x

============================================================


============================================================
2025-08-14 22:45:03
============================================================
TSLA: $335.58 (75%)
  Entry 1: $334.77 (0.2% discount)
  Entry 2: $325.98 (2.9% discount)
  RSI: 63, Volume: 0.8x

BMNR: $60.45 (70%)
  Entry 1: $42.51 (29.7% discount)
  Entry 2: $37.54 (37.9% discount)
  RSI: 72, Volume: 1.3x

AMD: $180.95 (60%)
  Entry 1: $174.11 (3.8% discount)
  Entry 2: $170.33 (5.9% discount)
  RSI: 61, Volume: 0.9x

SBET: $23.49 (60%)
  Entry 1: $22.44 (4.5% discount)
  Entry 2: $21.06 (10.3% discount)
  RSI: 55, Volume: 0.8x

PLTR: $181.02 (60%)
  Entry 1: $175.49 (3.1% discount)
  Entry 2: $166.51 (8.0% discount)
  RSI: 70, Volume: 0.9x

AVGO: $311.23 (60%)
  Entry 1: $304.44 (2.2% discount)
  Entry 2: $296.46 (4.7% discount)
  RSI: 65, Volume: 0.9x

NVDA: $182.02 (60%)
  Entry 1: $177.10 (2.7% discount)
  Entry 2: $176.17 (3.2% discount)
  RSI: 64, Volume: 0.8x

MSTR: $372.94 (40%)
  RSI: 39, Volume: 1.5x

HIMS: $47.13 (30%)
  RSI: 33, Volume: 0.6x

============================================================


============================================================
2025-08-14 22:48:58
============================================================
TSLA: $335.58 (75%)
  Entry 1: $334.77 (0.2% discount)
  Entry 2: $325.98 (2.9% discount)
  RSI: 63, Volume: 0.8x

BMNR: $60.45 (70%)
  Entry 1: $42.51 (29.7% discount)
  Entry 2: $37.54 (37.9% discount)
  RSI: 72, Volume: 1.3x

AMD: $180.95 (60%)
  Entry 1: $174.11 (3.8% discount)
  Entry 2: $170.33 (5.9% discount)
  RSI: 61, Volume: 0.9x

SBET: $23.49 (60%)
  Entry 1: $22.44 (4.5% discount)
  Entry 2: $21.06 (10.3% discount)
  RSI: 55, Volume: 0.8x

PLTR: $181.02 (60%)
  Entry 1: $175.49 (3.1% discount)
  Entry 2: $166.51 (8.0% discount)
  RSI: 70, Volume: 0.9x

AVGO: $311.23 (60%)
  Entry 1: $304.44 (2.2% discount)
  Entry 2: $296.46 (4.7% discount)
  RSI: 65, Volume: 0.9x

NVDA: $182.02 (60%)
  Entry 1: $177.10 (2.7% discount)
  Entry 2: $176.17 (3.2% discount)
  RSI: 64, Volume: 0.8x

MSTR: $372.94 (40%)
  RSI: 39, Volume: 1.5x

HIMS: $47.13 (30%)
  RSI: 33, Volume: 0.6x

============================================================


============================================================
2025-08-14 22:52:40
============================================================
TSLA: $335.58 (75%)
  Entry 1: $334.77 (0.2% discount)
  Entry 2: $325.98 (2.9% discount)
  RSI: 63, Volume: 0.8x

BMNR: $60.45 (70%)
  Entry 1: $42.51 (29.7% discount)
  Entry 2: $37.54 (37.9% discount)
  RSI: 72, Volume: 1.3x

AMD: $180.95 (60%)
  Entry 1: $174.11 (3.8% discount)
  Entry 2: $170.33 (5.9% discount)
  RSI: 61, Volume: 0.9x

SBET: $23.49 (60%)
  Entry 1: $22.44 (4.5% discount)
  Entry 2: $21.06 (10.3% discount)
  RSI: 55, Volume: 0.8x

PLTR: $181.02 (60%)
  Entry 1: $175.49 (3.1% discount)
  Entry 2: $166.51 (8.0% discount)
  RSI: 70, Volume: 0.9x

AVGO: $311.23 (60%)
  Entry 1: $304.44 (2.2% discount)
  Entry 2: $296.46 (4.7% discount)
  RSI: 65, Volume: 0.9x

NVDA: $182.02 (60%)
  Entry 1: $177.10 (2.7% discount)
  Entry 2: $176.17 (3.2% discount)
  RSI: 64, Volume: 0.8x

MSTR: $372.94 (40%)
  RSI: 39, Volume: 1.5x

HIMS: $47.13 (30%)
  RSI: 33, Volume: 0.6x

============================================================


============================================================
2025-08-14 22:54:59
============================================================
TSLA: $335.58 (75%)
  Entry 1: $334.77 (0.2% discount)
  Entry 2: $325.98 (2.9% discount)
  RSI: 63, Volume: 0.8x

BMNR: $60.45 (70%)
  Entry 1: $42.51 (29.7% discount)
  Entry 2: $37.54 (37.9% discount)
  RSI: 72, Volume: 1.3x

AMD: $180.95 (60%)
  Entry 1: $174.11 (3.8% discount)
  Entry 2: $170.33 (5.9% discount)
  RSI: 61, Volume: 0.9x

SBET: $23.49 (60%)
  Entry 1: $22.44 (4.5% discount)
  Entry 2: $21.06 (10.3% discount)
  RSI: 55, Volume: 0.8x

PLTR: $181.02 (60%)
  Entry 1: $175.49 (3.1% discount)
  Entry 2: $166.51 (8.0% discount)
  RSI: 70, Volume: 0.9x

AVGO: $311.23 (60%)
  Entry 1: $304.44 (2.2% discount)
  Entry 2: $296.46 (4.7% discount)
  RSI: 65, Volume: 0.9x

NVDA: $182.02 (60%)
  Entry 1: $177.10 (2.7% discount)
  Entry 2: $176.17 (3.2% discount)
  RSI: 64, Volume: 0.8x

MSTR: $372.94 (40%)
  RSI: 39, Volume: 1.5x

HIMS: $47.13 (30%)
  RSI: 33, Volume: 0.6x

============================================================


============================================================
2025-08-14 22:57:13
============================================================
TSLA: $335.58 (75%)
  Entry 1: $334.77 (0.2% discount)
  Entry 2: $325.98 (2.9% discount)
  RSI: 63, Volume: 0.8x

BMNR: $60.45 (70%)
  Entry 1: $42.51 (29.7% discount)
  Entry 2: $37.54 (37.9% discount)
  RSI: 72, Volume: 1.3x

AMD: $180.95 (60%)
  Entry 1: $174.11 (3.8% discount)
  Entry 2: $170.33 (5.9% discount)
  RSI: 61, Volume: 0.9x

SBET: $23.49 (60%)
  Entry 1: $22.44 (4.5% discount)
  Entry 2: $21.06 (10.3% discount)
  RSI: 55, Volume: 0.8x

PLTR: $181.02 (60%)
  Entry 1: $175.49 (3.1% discount)
  Entry 2: $166.51 (8.0% discount)
  RSI: 70, Volume: 0.9x

AVGO: $311.23 (60%)
  Entry 1: $304.44 (2.2% discount)
  Entry 2: $296.46 (4.7% discount)
  RSI: 65, Volume: 0.9x

NVDA: $182.02 (60%)
  Entry 1: $177.10 (2.7% discount)
  Entry 2: $176.17 (3.2% discount)
  RSI: 64, Volume: 0.8x

MSTR: $372.94 (40%)
  RSI: 39, Volume: 1.5x

HIMS: $47.13 (30%)
  RSI: 33, Volume: 0.6x

============================================================


============================================================
2025-08-14 22:59:26
============================================================
TSLA: $335.58 (75%)
  Entry 1: $334.77 (0.2% discount)
  Entry 2: $325.98 (2.9% discount)
  RSI: 63, Volume: 0.8x

BMNR: $60.45 (70%)
  Entry 1: $42.51 (29.7% discount)
  Entry 2: $37.54 (37.9% discount)
  RSI: 72, Volume: 1.3x

AMD: $180.95 (60%)
  Entry 1: $174.11 (3.8% discount)
  Entry 2: $170.33 (5.9% discount)
  RSI: 61, Volume: 0.9x

SBET: $23.49 (60%)
  Entry 1: $22.44 (4.5% discount)
  Entry 2: $21.06 (10.3% discount)
  RSI: 55, Volume: 0.8x

PLTR: $181.02 (60%)
  Entry 1: $175.49 (3.1% discount)
  Entry 2: $166.51 (8.0% discount)
  RSI: 70, Volume: 0.9x

AVGO: $311.23 (60%)
  Entry 1: $304.44 (2.2% discount)
  Entry 2: $296.46 (4.7% discount)
  RSI: 65, Volume: 0.9x

NVDA: $182.02 (60%)
  Entry 1: $177.10 (2.7% discount)
  Entry 2: $176.17 (3.2% discount)
  RSI: 64, Volume: 0.8x

MSTR: $372.94 (40%)
  RSI: 39, Volume: 1.5x

HIMS: $47.13 (30%)
  RSI: 33, Volume: 0.6x

============================================================


============================================================
2025-08-14 23:01:42
============================================================
TSLA: $335.58 (75%)
  Entry 1: $334.77 (0.2% discount)
  Entry 2: $325.98 (2.9% discount)
  RSI: 63, Volume: 0.8x

BMNR: $60.45 (70%)
  Entry 1: $42.51 (29.7% discount)
  Entry 2: $37.54 (37.9% discount)
  RSI: 72, Volume: 1.3x

AMD: $180.95 (60%)
  Entry 1: $174.11 (3.8% discount)
  Entry 2: $170.33 (5.9% discount)
  RSI: 61, Volume: 0.9x

SBET: $23.49 (60%)
  Entry 1: $22.44 (4.5% discount)
  Entry 2: $21.06 (10.3% discount)
  RSI: 55, Volume: 0.8x

PLTR: $181.02 (60%)
  Entry 1: $175.49 (3.1% discount)
  Entry 2: $166.51 (8.0% discount)
  RSI: 70, Volume: 0.9x

AVGO: $311.23 (60%)
  Entry 1: $304.44 (2.2% discount)
  Entry 2: $296.46 (4.7% discount)
  RSI: 65, Volume: 0.9x

NVDA: $182.02 (60%)
  Entry 1: $177.10 (2.7% discount)
  Entry 2: $176.17 (3.2% discount)
  RSI: 64, Volume: 0.8x

MSTR: $372.94 (40%)
  RSI: 39, Volume: 1.5x

HIMS: $47.13 (30%)
  RSI: 33, Volume: 0.6x

============================================================


============================================================
2025-08-14 23:24:55
============================================================
TSLA: $335.58 (75%)
  Entry 1: $334.77 (0.2% discount)
  Entry 2: $325.98 (2.9% discount)
  RSI: 63, Volume: 0.8x

BMNR: $60.45 (70%)
  Entry 1: $42.51 (29.7% discount)
  Entry 2: $37.54 (37.9% discount)
  RSI: 72, Volume: 1.3x

AMD: $180.95 (60%)
  Entry 1: $174.11 (3.8% discount)
  Entry 2: $170.33 (5.9% discount)
  RSI: 61, Volume: 0.9x

SBET: $23.49 (60%)
  Entry 1: $22.44 (4.5% discount)
  Entry 2: $21.06 (10.3% discount)
  RSI: 55, Volume: 0.8x

PLTR: $181.02 (60%)
  Entry 1: $175.49 (3.1% discount)
  Entry 2: $166.51 (8.0% discount)
  RSI: 70, Volume: 0.9x

AVGO: $311.23 (60%)
  Entry 1: $304.44 (2.2% discount)
  Entry 2: $296.46 (4.7% discount)
  RSI: 65, Volume: 0.9x

NVDA: $182.02 (60%)
  Entry 1: $177.10 (2.7% discount)
  Entry 2: $176.17 (3.2% discount)
  RSI: 64, Volume: 0.8x

MSTR: $372.94 (40%)
  RSI: 39, Volume: 1.5x

HIMS: $47.13 (15%)
  RSI: 33, Volume: 0.6x

============================================================


============================================================
2025-08-14 23:29:12
============================================================
BMNR: $60.45 (85%)
  Entry 1: $42.51 (29.7% discount)
  Entry 2: $37.54 (37.9% discount)
  RSI: 72, Volume: 1.3x

TSLA: $335.58 (75%)
  Entry 1: $334.77 (0.2% discount)
  Entry 2: $325.98 (2.9% discount)
  RSI: 63, Volume: 0.8x

AMD: $180.95 (60%)
  Entry 1: $174.11 (3.8% discount)
  Entry 2: $170.33 (5.9% discount)
  RSI: 61, Volume: 0.9x

SBET: $23.49 (60%)
  Entry 1: $22.44 (4.5% discount)
  Entry 2: $21.06 (10.3% discount)
  RSI: 55, Volume: 0.8x

PLTR: $181.02 (60%)
  Entry 1: $175.49 (3.1% discount)
  Entry 2: $166.51 (8.0% discount)
  RSI: 70, Volume: 0.9x

AVGO: $311.23 (60%)
  Entry 1: $304.44 (2.2% discount)
  Entry 2: $296.46 (4.7% discount)
  RSI: 65, Volume: 0.9x

NVDA: $182.02 (60%)
  Entry 1: $177.10 (2.7% discount)
  Entry 2: $176.17 (3.2% discount)
  RSI: 64, Volume: 0.8x

MSTR: $372.94 (40%)
  RSI: 39, Volume: 1.5x

HIMS: $47.13 (0%)
  RSI: 33, Volume: 0.6x

============================================================


============================================================
2025-08-14 23:32:54
============================================================
BMNR: $60.45 (85%)
  Entry 1: $42.51 (29.7% discount)
  Entry 2: $37.54 (37.9% discount)
  RSI: 72, Volume: 1.3x

TSLA: $335.58 (75%)
  Entry 1: $331.61 (1.2% discount)
  Entry 2: $323.28 (3.7% discount)
  RSI: 63, Volume: 0.8x

SBET: $23.49 (60%)
  Entry 1: $22.44 (4.5% discount)
  RSI: 55, Volume: 0.8x

PLTR: $181.02 (60%)
  Entry 1: $173.23 (4.3% discount)
  Entry 2: $166.28 (8.1% discount)
  RSI: 70, Volume: 0.9x

AVGO: $311.23 (60%)
  Entry 1: $296.38 (4.8% discount)
  Entry 2: $294.63 (5.3% discount)
  RSI: 65, Volume: 0.9x

MSTR: $372.94 (40%)
  RSI: 39, Volume: 1.5x

AMD: $180.95 (35%)
  Entry 1: $170.33 (5.9% discount)
  Entry 2: $168.01 (7.2% discount)
  RSI: 61, Volume: 0.9x

NVDA: $182.02 (35%)
  Entry 1: $177.10 (2.7% discount)
  Entry 2: $171.42 (5.8% discount)
  RSI: 64, Volume: 0.8x

HIMS: $47.13 (0%)
  RSI: 33, Volume: 0.6x

============================================================


============================================================
2025-08-14 23:54:18
============================================================
BMNR: $60.45 (85%)
  Entry 1: $42.51 (29.7% discount)
  Entry 2: $37.54 (37.9% discount)
  RSI: 72, Volume: 1.3x

TSLA: $335.58 (75%)
  Entry 1: $331.49 (1.2% discount)
  Entry 2: $323.28 (3.7% discount)
  RSI: 63, Volume: 0.8x

SBET: $23.49 (60%)
  Entry 1: $22.44 (4.5% discount)
  RSI: 55, Volume: 0.8x

PLTR: $181.02 (60%)
  Entry 1: $166.28 (8.1% discount)
  Entry 2: $160.76 (11.2% discount)
  RSI: 70, Volume: 0.9x

AVGO: $311.23 (60%)
  Entry 1: $296.38 (4.8% discount)
  Entry 2: $274.97 (11.7% discount)
  RSI: 65, Volume: 0.9x

MSTR: $372.94 (55%)
  Entry 1: $371.00 (0.5% discount)
  Entry 2: $344.36 (7.7% discount)
  RSI: 39, Volume: 1.5x

AMD: $180.95 (35%)
  Entry 1: $170.33 (5.9% discount)
  Entry 2: $160.65 (11.2% discount)
  RSI: 61, Volume: 0.9x

NVDA: $182.02 (35%)
  Entry 1: $177.10 (2.7% discount)
  Entry 2: $161.38 (11.3% discount)
  RSI: 64, Volume: 0.8x

HIMS: $47.13 (0%)
  Entry 1: $42.69 (9.4% discount)
  Entry 2: $34.46 (26.9% discount)
  RSI: 33, Volume: 0.6x

============================================================


============================================================
2025-08-14 23:57:24
============================================================
BMNR: $60.45 (85%)
  Entry 1: $42.51 (29.7% discount)
  Entry 2: $37.54 (37.9% discount)
  RSI: 72, Volume: 1.3x

TSLA: $335.58 (75%)
  Entry 1: $331.61 (1.2% discount)
  Entry 2: $323.28 (3.7% discount)
  RSI: 63, Volume: 0.8x

SBET: $23.49 (60%)
  Entry 1: $22.44 (4.5% discount)
  RSI: 55, Volume: 0.8x

PLTR: $181.02 (60%)
  Entry 1: $173.23 (4.3% discount)
  Entry 2: $166.28 (8.1% discount)
  RSI: 70, Volume: 0.9x

AVGO: $311.23 (60%)
  Entry 1: $296.38 (4.8% discount)
  Entry 2: $295.71 (5.0% discount)
  RSI: 65, Volume: 0.9x

MSTR: $372.94 (55%)
  Entry 1: $371.00 (0.5% discount)
  Entry 2: $344.36 (7.7% discount)
  RSI: 39, Volume: 1.5x

AMD: $180.95 (35%)
  Entry 1: $170.33 (5.9% discount)
  Entry 2: $168.01 (7.2% discount)
  RSI: 61, Volume: 0.9x

NVDA: $182.02 (35%)
  Entry 1: $177.10 (2.7% discount)
  Entry 2: $171.42 (5.8% discount)
  RSI: 64, Volume: 0.8x

HIMS: $47.13 (0%)
  Entry 1: $43.23 (8.3% discount)
  Entry 2: $42.11 (10.6% discount)
  RSI: 33, Volume: 0.6x

============================================================


============================================================
2025-08-15 06:47:50
============================================================
TSLA: $333.27 (75%)
  Entry 1: $331.61 (0.5% discount)
  Entry 2: $323.46 (2.9% discount)
  RSI: 55, Volume: 0.1x

PLTR: $173.88 (75%)
  Entry 1: $173.23 (0.4% discount)
  Entry 2: $167.30 (3.8% discount)
  RSI: 63, Volume: 0.2x

BMNR: $55.10 (60%)
  Entry 1: $43.15 (21.7% discount)
  Entry 2: $37.54 (31.9% discount)
  RSI: 71, Volume: 0.2x

AMD: $178.00 (35%)
  Entry 1: $171.38 (3.7% discount)
  Entry 2: $168.01 (5.6% discount)
  RSI: 54, Volume: 0.1x

AVGO: $305.34 (35%)
  Entry 1: $297.48 (2.6% discount)
  Entry 2: $295.71 (3.2% discount)
  RSI: 58, Volume: 0.2x

NVDA: $179.75 (35%)
  Entry 1: $177.46 (1.3% discount)
  Entry 2: $171.42 (4.6% discount)
  RSI: 55, Volume: 0.2x

SBET: $20.63 (15%)
  RSI: 49, Volume: 0.3x

MSTR: $362.00 (15%)
  Entry 1: $344.36 (4.9% discount)
  Entry 2: $328.35 (9.3% discount)
  RSI: 37, Volume: 0.2x

HIMS: $45.82 (0%)
  Entry 1: $43.23 (5.7% discount)
  Entry 2: $42.69 (6.8% discount)
  RSI: 30, Volume: 0.1x

============================================================

